2022-01-16 12:26:53,972:INFO:discord.client: logging in using static token
2022-01-16 12:26:54,299:DEBUG:discord.http: GET https://discord.com/api/v7/users/@me with None has returned 200
2022-01-16 12:26:54,299:DEBUG:discord.http: GET https://discord.com/api/v7/users/@me has received {'id': '835280052475265034', 'username': 'Cornetão do David', 'avatar': '9454ef6df346485340f32ff08277134c', 'discriminator': '7214', 'public_flags': 0, 'flags': 0, 'bot': True, 'banner': None, 'banner_color': None, 'accent_color': None, 'bio': '', 'locale': 'en-US', 'mfa_enabled': False, 'email': None, 'verified': True}
2022-01-16 12:26:54,359:DEBUG:discord.http: GET https://discord.com/api/v7/gateway with None has returned 200
2022-01-16 12:26:54,359:DEBUG:discord.http: GET https://discord.com/api/v7/gateway has received {'url': 'wss://gateway.discord.gg'}
2022-01-16 12:26:54,646:DEBUG:discord.gateway: Created websocket connected to wss://gateway.discord.gg?encoding=json&v=6&compress=zlib-stream
2022-01-16 12:26:54,648:DEBUG:discord.client: Dispatching event socket_raw_receive
2022-01-16 12:26:54,649:DEBUG:discord.gateway: For Shard ID None: WebSocket Event: {'t': None, 's': None, 'op': 10, 'd': {'heartbeat_interval': 41250, '_trace': ['["gateway-prd-main-d2f4",{"micros":0.0}]']}}
2022-01-16 12:26:54,649:DEBUG:discord.client: Dispatching event socket_response
2022-01-16 12:26:54,650:DEBUG:discord.client: Dispatching event socket_raw_send
2022-01-16 12:26:54,653:DEBUG:discord.client: Dispatching event socket_raw_send
2022-01-16 12:26:54,654:INFO:discord.gateway: Shard ID None has sent the IDENTIFY payload.
2022-01-16 12:26:54,817:DEBUG:discord.client: Dispatching event socket_raw_receive
2022-01-16 12:26:54,818:DEBUG:discord.gateway: For Shard ID None: WebSocket Event: {'t': None, 's': None, 'op': 11, 'd': None}
2022-01-16 12:26:54,818:DEBUG:discord.client: Dispatching event socket_response
2022-01-16 12:26:54,922:DEBUG:discord.client: Dispatching event socket_raw_receive
2022-01-16 12:26:54,923:DEBUG:discord.gateway: For Shard ID None: WebSocket Event: {'t': 'READY', 's': 1, 'op': 0, 'd': {'v': 6, 'user_settings': {}, 'user': {'verified': True, 'username': 'Cornetão do David', 'mfa_enabled': False, 'id': '835280052475265034', 'flags': 0, 'email': None, 'discriminator': '7214', 'bot': True, 'avatar': '9454ef6df346485340f32ff08277134c'}, 'session_id': '77aa3e6d19cb4225b84e15f4d40f5186', 'relationships': [], 'private_channels': [], 'presences': [], 'guilds': [{'unavailable': True, 'id': '831151993628131340'}, {'unavailable': True, 'id': '835590252630114377'}, {'unavailable': True, 'id': '837452242742542368'}], 'guild_join_requests': [], 'geo_ordered_rtc_regions': ['brazil', 'buenos-aires', 'santiago', 'us-east', 'newark'], 'application': {'id': '835280052475265034', 'flags': 262144}, '_trace': ['["gateway-prd-main-d2f4",{"micros":101989,"calls":["discord-sessions-blue-prd-2-132",{"micros":101178,"calls":["start_session",{"micros":67801,"calls":["api-prd-main-nxhm",{"micros":56219,"calls":["get_user",{"micros":8528},"add_authorized_ip",{"micros":5733},"get_guilds",{"micros":12903},"coros_wait",{"micros":1}]}]},"guilds_connect",{"micros":2,"calls":[]},"presence_connect",{"micros":16849,"calls":[]}]}]}]']}}
2022-01-16 12:26:54,923:DEBUG:discord.client: Dispatching event socket_response
2022-01-16 12:26:54,924:INFO:discord.gateway: Shard ID None has connected to Gateway: ["gateway-prd-main-d2f4",{"micros":101989,"calls":["discord-sessions-blue-prd-2-132",{"micros":101178,"calls":["start_session",{"micros":67801,"calls":["api-prd-main-nxhm",{"micros":56219,"calls":["get_user",{"micros":8528},"add_authorized_ip",{"micros":5733},"get_guilds",{"micros":12903},"coros_wait",{"micros":1}]}]},"guilds_connect",{"micros":2,"calls":[]},"presence_connect",{"micros":16849,"calls":[]}]}]}] (Session ID: 77aa3e6d19cb4225b84e15f4d40f5186).
2022-01-16 12:26:54,967:DEBUG:discord.client: Dispatching event connect
2022-01-16 12:26:54,967:DEBUG:discord.client: Dispatching event socket_raw_receive
2022-01-16 12:26:54,968:DEBUG:discord.gateway: For Shard ID None: WebSocket Event: {'t': 'GUILD_CREATE', 's': 2, 'op': 0, 'd': {'roles': [{'unicode_emoji': None, 'position': 0, 'permissions_new': '1071698660929', 'permissions': 104320577, 'name': '@everyone', 'mentionable': False, 'managed': False, 'id': '831151993628131340', 'icon': None, 'hoist': False, 'color': 0}, {'unicode_emoji': None, 'tags': {'bot_id': '835280052475265034'}, 'position': 1, 'permissions_new': '8', 'permissions': 8, 'name': 'IntGest David Bot', 'mentionable': False, 'managed': True, 'id': '835291501864157216', 'icon': None, 'hoist': False, 'color': 0}], 'premium_subscription_count': 0, 'member_count': 4, 'afk_channel_id': None, 'name': 'IntGest programadores', 'premium_progress_bar_enabled': False, 'splash': None, 'region': 'deprecated', 'description': None, 'rules_channel_id': None, 'default_message_notifications': 0, 'hub_type': None, 'guild_scheduled_events': [], 'owner_id': '554493803927568384', 'application_command_counts': {'3': 0, '2': 0, '1': 0}, 'banner': None, 'explicit_content_filter': 0, 'nsfw': False, 'afk_timeout': 300, 'discovery_splash': None, 'system_channel_flags': 0, 'premium_tier': 0, 'guild_hashes': {'version': 1, 'roles': {'omitted': False, 'hash': 'N9mA0GfTU14'}, 'metadata': {'omitted': False, 'hash': 'A74hGM38BPc'}, 'channels': {'omitted': False, 'hash': 'JrZHzAEHn9Q'}}, 'members': [{'user': {'username': 'Cornetão do David', 'id': '835280052475265034', 'discriminator': '7214', 'bot': True, 'avatar': '9454ef6df346485340f32ff08277134c'}, 'roles': ['835291501864157216'], 'mute': False, 'joined_at': '2021-04-23T23:10:13.095000+00:00', 'hoisted_role': None, 'deaf': False}], 'mfa_level': 0, 'max_members': 250000, 'threads': [], 'public_updates_channel_id': None, 'voice_states': [], 'large': False, 'vanity_url_code': None, 'verification_level': 0, 'unavailable': False, 'features': [], 'system_channel_id': '831151994194231338', 'nsfw_level': 0, 'embedded_activities': [], 'id': '831151993628131340', 'channels': [{'type': 4, 'position': 0, 'permission_overwrites': [], 'name': 'Canal de Texto Geral', 'id': '831151994194231336'}, {'type': 4, 'position': 1, 'permission_overwrites': [], 'name': 'Canais de Voz', 'id': '831151994194231337'}, {'type': 0, 'topic': None, 'rate_limit_per_user': 0, 'position': 0, 'permission_overwrites': [], 'parent_id': '831151994194231336', 'name': 'geral', 'last_message_id': '873205095121162270', 'id': '831151994194231338'}, {'user_limit': 0, 'type': 2, 'rtc_region': None, 'rate_limit_per_user': 0, 'position': 0, 'permission_overwrites': [], 'parent_id': '831151994194231337', 'name': 'Geral', 'last_message_id': None, 'id': '831151994194231339', 'bitrate': 64000}, {'user_limit': 0, 'type': 2, 'rtc_region': None, 'rate_limit_per_user': 0, 'position': 3, 'permission_overwrites': [], 'parent_id': '835532020725710900', 'name': 'chamada', 'last_message_id': None, 'id': '831153291098062898', 'bitrate': 64000}, {'type': 0, 'topic': None, 'rate_limit_per_user': 0, 'position': 5, 'permission_overwrites': [], 'parent_id': '835532020725710900', 'name': 'texto', 'last_message_id': '835533631391793192', 'id': '832223928859623434'}, {'user_limit': 0, 'type': 2, 'rtc_region': None, 'rate_limit_per_user': 0, 'position': 2, 'permission_overwrites': [], 'parent_id': '835531554746662982', 'name': 'chamada', 'last_message_id': None, 'id': '832337807170076743', 'bitrate': 64000}, {'type': 0, 'topic': None, 'rate_limit_per_user': 0, 'position': 4, 'permission_overwrites': [], 'parent_id': '835531554746662982', 'name': 'texto', 'last_message_id': '860248487177224214', 'id': '832337844646838293'}, {'type': 0, 'topic': None, 'rate_limit_per_user': 0, 'position': 1, 'permission_overwrites': [], 'parent_id': '831151994194231336', 'name': 'comandos', 'last_message_id': '837321410762113094', 'id': '835321586088673290'}, {'type': 0, 'topic': None, 'rate_limit_per_user': 0, 'position': 3, 'permission_overwrites': [], 'parent_id': '835531217033625610', 'name': 'texto', 'last_message_id': '849266339072049183', 'id': '835531097785368606'}, {'type': 4, 'position': 2, 'permission_overwrites': [], 'name': 'intgest protocolo', 'id': '835531217033625610'}, {'user_limit': 0, 'type': 2, 'rtc_region': None, 'rate_limit_per_user': 0, 'position': 1, 'permission_overwrites': [], 'parent_id': '835531217033625610', 'name': 'chamada', 'last_message_id': None, 'id': '835531330648277063', 'bitrate': 64000}, {'type': 4, 'position': 3, 'permission_overwrites': [], 'name': 'intgest sigl', 'id': '835531554746662982'}, {'type': 4, 'position': 4, 'permission_overwrites': [], 'name': 'motor legislativo', 'id': '835532020725710900'}, {'type': 0, 'topic': None, 'rate_limit_per_user': 0, 'position': 2, 'permission_overwrites': [], 'parent_id': '831151994194231336', 'name': 'memes', 'last_message_id': '855454734118944809', 'id': '847900830366957568'}, {'type': 4, 'position': 5, 'permission_overwrites': [], 'name': 'sistema legislativo', 'id': '861935966121492492'}, {'type': 0, 'topic': None, 'rate_limit_per_user': 0, 'position': 6, 'permission_overwrites': [], 'parent_id': '861935966121492492', 'name': 'geral', 'last_message_id': '861936030970413077', 'id': '861936009516023809'}, {'user_limit': 0, 'type': 2, 'rtc_region': None, 'rate_limit_per_user': 0, 'position': 4, 'permission_overwrites': [], 'parent_id': '861935966121492492', 'name': 'conversa', 'last_message_id': None, 'id': '861936081511383090', 'bitrate': 64000}], 'stage_instances': [], 'application_id': None, 'max_video_channel_users': 25, 'emojis': [], 'presences': [], 'preferred_locale': 'en-US', 'joined_at': '2021-04-23T23:10:13.095000+00:00', 'application_command_count': 0, 'stickers': [], 'lazy': True, 'icon': 'ed22fe5c34b8442b4c39da4b5c294395'}}
2022-01-16 12:26:54,968:DEBUG:discord.client: Dispatching event socket_response
2022-01-16 12:26:54,970:DEBUG:discord.client: Dispatching event socket_raw_receive
2022-01-16 12:26:54,970:DEBUG:discord.gateway: For Shard ID None: WebSocket Event: {'t': 'GUILD_CREATE', 's': 3, 'op': 0, 'd': {'roles': [{'unicode_emoji': None, 'position': 0, 'permissions_new': '1071698660929', 'permissions': 104320577, 'name': '@everyone', 'mentionable': False, 'managed': False, 'id': '835590252630114377', 'icon': None, 'hoist': False, 'color': 0}, {'unicode_emoji': None, 'tags': {'bot_id': '835280052475265034'}, 'position': 1, 'permissions_new': '8', 'permissions': 8, 'name': 'David Bot', 'mentionable': False, 'managed': True, 'id': '835590701810712657', 'icon': None, 'hoist': False, 'color': 0}], 'premium_subscription_count': 0, 'member_count': 5, 'afk_channel_id': None, 'name': 'Discord Developer - Área de testes', 'premium_progress_bar_enabled': False, 'splash': None, 'region': 'deprecated', 'description': None, 'rules_channel_id': None, 'default_message_notifications': 0, 'hub_type': None, 'guild_scheduled_events': [], 'owner_id': '554493803927568384', 'application_command_counts': {'3': 0, '2': 0, '1': 0}, 'banner': None, 'explicit_content_filter': 0, 'nsfw': False, 'afk_timeout': 300, 'discovery_splash': None, 'system_channel_flags': 0, 'premium_tier': 0, 'guild_hashes': {'version': 1, 'roles': {'omitted': False, 'hash': '9YoNF7sKyYI'}, 'metadata': {'omitted': False, 'hash': 'sla+0FD6kHs'}, 'channels': {'omitted': False, 'hash': 'b8lwViPA+/U'}}, 'members': [{'user': {'username': 'bolinha de gorf desertor', 'id': '554493803927568384', 'discriminator': '1812', 'avatar': '144a59633c4874e909c4938447b8c59f'}, 'roles': [], 'mute': False, 'joined_at': '2021-04-24T18:57:20.814000+00:00', 'hoisted_role': None, 'deaf': False}, {'user': {'username': 'bolinha de gorf desertor', 'id': '554493803927568384', 'discriminator': '1812', 'avatar': '144a59633c4874e909c4938447b8c59f'}, 'roles': [], 'mute': False, 'joined_at': '2021-04-24T18:57:20.814000+00:00', 'hoisted_role': None, 'deaf': False}, {'user': {'username': 'Cornetão do David', 'id': '835280052475265034', 'discriminator': '7214', 'bot': True, 'avatar': '9454ef6df346485340f32ff08277134c'}, 'roles': ['835590701810712657'], 'mute': False, 'joined_at': '2021-04-24T18:59:07.877000+00:00', 'hoisted_role': None, 'deaf': False}], 'mfa_level': 0, 'max_members': 250000, 'threads': [], 'public_updates_channel_id': None, 'voice_states': [{'user_id': '554493803927568384', 'suppress': False, 'session_id': '3086b8dd8f293f0505df6a35fe78618d', 'self_video': False, 'self_mute': False, 'self_deaf': False, 'request_to_speak_timestamp': None, 'mute': False, 'deaf': False, 'channel_id': '835590253074055171'}], 'large': False, 'vanity_url_code': None, 'verification_level': 0, 'unavailable': False, 'features': [], 'system_channel_id': '835590252630114380', 'nsfw_level': 0, 'embedded_activities': [], 'id': '835590252630114377', 'channels': [{'type': 4, 'position': 0, 'permission_overwrites': [], 'name': 'Canais de texto', 'id': '835590252630114379'}, {'type': 0, 'topic': None, 'rate_limit_per_user': 0, 'position': 1, 'permission_overwrites': [], 'parent_id': '835590252630114379', 'name': 'geral', 'last_message_id': '912816533611368478', 'id': '835590252630114380'}, {'type': 0, 'topic': None, 'rate_limit_per_user': 0, 'position': 2, 'permission_overwrites': [], 'parent_id': '835590252630114379', 'name': 'clipes-e-destaques', 'last_message_id': None, 'id': '835590253074055168'}, {'type': 4, 'position': 3, 'permission_overwrites': [], 'name': 'Canais de voz', 'id': '835590253074055170'}, {'user_limit': 0, 'type': 2, 'rtc_region': None, 'rate_limit_per_user': 0, 'position': 0, 'permission_overwrites': [], 'parent_id': '835590253074055170', 'name': 'Lobby', 'last_message_id': None, 'id': '835590253074055171', 'bitrate': 64000}, {'user_limit': 0, 'type': 2, 'rtc_region': None, 'rate_limit_per_user': 0, 'position': 1, 'permission_overwrites': [], 'parent_id': '835590253074055170', 'name': 'Gaming', 'last_message_id': None, 'id': '835590253074055172', 'bitrate': 64000}, {'type': 0, 'topic': None, 'rate_limit_per_user': 0, 'position': 3, 'permission_overwrites': [], 'parent_id': '835590252630114379', 'name': 'comandos', 'last_message_id': '932293855179571240', 'id': '851124508722069564'}], 'stage_instances': [], 'application_id': None, 'max_video_channel_users': 25, 'emojis': [], 'presences': [], 'preferred_locale': 'en-US', 'joined_at': '2021-04-24T18:59:07.877000+00:00', 'application_command_count': 0, 'stickers': [], 'lazy': True, 'icon': None}}
2022-01-16 12:26:54,971:DEBUG:discord.client: Dispatching event socket_response
2022-01-16 12:26:54,971:DEBUG:discord.client: Dispatching event socket_raw_receive
2022-01-16 12:26:54,972:DEBUG:discord.gateway: For Shard ID None: WebSocket Event: {'t': 'GUILD_CREATE', 's': 4, 'op': 0, 'd': {'roles': [{'unicode_emoji': None, 'position': 0, 'permissions_new': '1071698660929', 'permissions': 104320577, 'name': '@everyone', 'mentionable': False, 'managed': False, 'id': '837452242742542368', 'icon': None, 'hoist': False, 'color': 0}, {'unicode_emoji': None, 'tags': {'bot_id': '835280052475265034'}, 'position': 1, 'permissions_new': '8', 'permissions': 8, 'name': 'Cornetão do David', 'mentionable': False, 'managed': True, 'id': '837458300701900850', 'icon': None, 'hoist': False, 'color': 0}], 'premium_subscription_count': 0, 'member_count': 5, 'afk_channel_id': None, 'name': 'Problemas do Uri', 'premium_progress_bar_enabled': False, 'splash': None, 'region': 'deprecated', 'description': None, 'rules_channel_id': None, 'default_message_notifications': 0, 'hub_type': None, 'guild_scheduled_events': [], 'owner_id': '750487822489747469', 'application_command_counts': {'3': 0, '2': 0, '1': 0}, 'banner': None, 'explicit_content_filter': 0, 'nsfw': False, 'afk_timeout': 300, 'discovery_splash': None, 'system_channel_flags': 0, 'premium_tier': 0, 'guild_hashes': {'version': 1, 'roles': {'omitted': False, 'hash': '6oFE8pqtO4A'}, 'metadata': {'omitted': False, 'hash': '6Ra11HHW6vM'}, 'channels': {'omitted': False, 'hash': '+MbLPlRacj8'}}, 'members': [{'user': {'username': 'Cornetão do David', 'id': '835280052475265034', 'discriminator': '7214', 'bot': True, 'avatar': '9454ef6df346485340f32ff08277134c'}, 'roles': ['837458300701900850'], 'mute': False, 'joined_at': '2021-04-29T22:40:18.131000+00:00', 'hoisted_role': None, 'deaf': False}], 'mfa_level': 0, 'max_members': 250000, 'threads': [], 'public_updates_channel_id': None, 'voice_states': [], 'large': False, 'vanity_url_code': None, 'verification_level': 0, 'unavailable': False, 'features': [], 'system_channel_id': '837452243380862988', 'nsfw_level': 0, 'embedded_activities': [], 'id': '837452242742542368', 'channels': [{'type': 4, 'position': 0, 'permission_overwrites': [], 'name': 'Canais de Texto', 'id': '837452243380862986'}, {'type': 4, 'position': 0, 'permission_overwrites': [], 'name': 'Canais de Voz', 'id': '837452243380862987'}, {'type': 0, 'topic': None, 'rate_limit_per_user': 0, 'position': 0, 'permission_overwrites': [], 'parent_id': '837452243380862986', 'name': 'geral', 'last_message_id': '843165001099378688', 'id': '837452243380862988'}, {'user_limit': 0, 'type': 2, 'rtc_region': None, 'rate_limit_per_user': 0, 'position': 0, 'permission_overwrites': [], 'parent_id': '837452243380862987', 'name': 'Geral', 'last_message_id': None, 'id': '837452243380862989', 'bitrate': 64000}, {'type': 4, 'position': 1, 'permission_overwrites': [], 'name': 'Linguagens de Programações', 'id': '837452557239713823'}, {'type': 0, 'topic': None, 'rate_limit_per_user': 0, 'position': 1, 'permission_overwrites': [], 'parent_id': '837452557239713823', 'name': 'cpp', 'last_message_id': None, 'id': '837452865048019014'}, {'type': 0, 'topic': None, 'rate_limit_per_user': 0, 'position': 2, 'permission_overwrites': [], 'parent_id': '837452557239713823', 'name': 'php', 'last_message_id': None, 'id': '837452893442539600'}, {'type': 0, 'topic': None, 'rate_limit_per_user': 0, 'position': 3, 'permission_overwrites': [], 'parent_id': '837452557239713823', 'name': 'java', 'last_message_id': None, 'id': '837452924099493898'}, {'type': 0, 'topic': None, 'rate_limit_per_user': 0, 'position': 4, 'permission_overwrites': [], 'parent_id': '837452557239713823', 'name': 'python', 'last_message_id': None, 'id': '837452949030043698'}, {'type': 0, 'topic': None, 'rate_limit_per_user': 0, 'position': 5, 'permission_overwrites': [], 'parent_id': '837452557239713823', 'name': 'cs', 'last_message_id': None, 'id': '837453076616183868'}, {'type': 0, 'topic': None, 'rate_limit_per_user': 0, 'position': 6, 'permission_overwrites': [], 'parent_id': '837452557239713823', 'name': 'js', 'last_message_id': None, 'id': '837453127850000404'}, {'user_limit': 0, 'type': 2, 'rtc_region': None, 'rate_limit_per_user': 0, 'position': 1, 'permission_overwrites': [], 'name': 'cpp', 'last_message_id': None, 'id': '837453656395743313', 'bitrate': 64000}, {'user_limit': 0, 'type': 2, 'rtc_region': None, 'rate_limit_per_user': 0, 'position': 2, 'permission_overwrites': [], 'name': 'php', 'last_message_id': None, 'id': '837453695653511189', 'bitrate': 64000}, {'user_limit': 0, 'type': 2, 'rtc_region': None, 'rate_limit_per_user': 0, 'position': 3, 'permission_overwrites': [], 'name': 'java', 'last_message_id': None, 'id': '837453767313588224', 'bitrate': 64000}, {'user_limit': 0, 'type': 2, 'rtc_region': None, 'rate_limit_per_user': 0, 'position': 4, 'permission_overwrites': [], 'name': 'python', 'last_message_id': None, 'id': '837453921265123398', 'bitrate': 64000}, {'user_limit': 0, 'type': 2, 'rtc_region': None, 'rate_limit_per_user': 0, 'position': 5, 'permission_overwrites': [], 'name': 'cs', 'last_message_id': None, 'id': '837453944015028265', 'bitrate': 64000}, {'user_limit': 0, 'type': 2, 'rtc_region': None, 'rate_limit_per_user': 0, 'position': 6, 'permission_overwrites': [], 'name': 'js', 'last_message_id': None, 'id': '837453973731409950', 'bitrate': 64000}, {'user_limit': 0, 'type': 2, 'rtc_region': None, 'rate_limit_per_user': 0, 'position': 7, 'permission_overwrites': [], 'parent_id': '837452243380862987', 'name': 'Problemas Uri', 'last_message_id': None, 'id': '837454070028959805', 'bitrate': 64000}, {'type': 0, 'topic': None, 'rate_limit_per_user': 0, 'position': 7, 'permission_overwrites': [], 'parent_id': '837452243380862986', 'name': 'problemas-do-uri', 'last_message_id': None, 'id': '837454181824594000'}, {'type': 0, 'topic': None, 'rate_limit_per_user': 0, 'position': 8, 'permission_overwrites': [], 'parent_id': '837452243380862986', 'name': 'comandos', 'last_message_id': '837464433776525337', 'id': '837458841498025994'}, {'type': 4, 'position': 2, 'permission_overwrites': [], 'name': 'Sites de problemas', 'id': '843168930659172407'}, {'user_limit': 0, 'type': 2, 'rtc_region': None, 'rate_limit_per_user': 0, 'position': 8, 'permission_overwrites': [], 'parent_id': '843168930659172407', 'name': 'URI', 'last_message_id': None, 'id': '843170111552487495', 'bitrate': 64000}, {'user_limit': 0, 'type': 2, 'rtc_region': None, 'rate_limit_per_user': 0, 'position': 9, 'permission_overwrites': [], 'parent_id': '843168930659172407', 'name': 'code-forces', 'last_message_id': None, 'id': '843170222415937547', 'bitrate': 64000}], 'stage_instances': [], 'application_id': None, 'max_video_channel_users': 25, 'emojis': [], 'presences': [], 'preferred_locale': 'en-US', 'joined_at': '2021-04-29T22:40:18.131000+00:00', 'application_command_count': 0, 'stickers': [], 'lazy': True, 'icon': None}}
2022-01-16 12:26:54,972:DEBUG:discord.client: Dispatching event socket_response
2022-01-16 12:26:54,973:DEBUG:discord.client: Dispatching event guild_available
2022-01-16 12:26:54,973:DEBUG:discord.client: Dispatching event guild_available
2022-01-16 12:26:54,974:DEBUG:discord.client: Dispatching event guild_available
2022-01-16 12:26:56,977:DEBUG:discord.client: Dispatching event ready
2022-01-16 12:27:35,904:DEBUG:discord.gateway: Keeping shard ID None websocket alive with sequence 4.
2022-01-16 12:27:36,071:DEBUG:discord.client: Dispatching event socket_raw_receive
2022-01-16 12:27:36,071:DEBUG:discord.gateway: For Shard ID None: WebSocket Event: {'t': None, 's': None, 'op': 11, 'd': None}
2022-01-16 12:27:36,072:DEBUG:discord.client: Dispatching event socket_response
2022-01-16 12:28:17,157:DEBUG:discord.gateway: Keeping shard ID None websocket alive with sequence 4.
2022-01-16 12:28:17,356:DEBUG:discord.client: Dispatching event socket_raw_receive
2022-01-16 12:28:17,357:DEBUG:discord.gateway: For Shard ID None: WebSocket Event: {'t': None, 's': None, 'op': 11, 'd': None}
2022-01-16 12:28:17,357:DEBUG:discord.client: Dispatching event socket_response
2022-01-16 12:28:58,410:DEBUG:discord.gateway: Keeping shard ID None websocket alive with sequence 4.
2022-01-16 12:28:58,608:DEBUG:discord.client: Dispatching event socket_raw_receive
2022-01-16 12:28:58,609:DEBUG:discord.gateway: For Shard ID None: WebSocket Event: {'t': None, 's': None, 'op': 11, 'd': None}
2022-01-16 12:28:58,609:DEBUG:discord.client: Dispatching event socket_response
2022-01-16 12:29:39,663:DEBUG:discord.gateway: Keeping shard ID None websocket alive with sequence 4.
2022-01-16 12:29:39,834:DEBUG:discord.client: Dispatching event socket_raw_receive
2022-01-16 12:29:39,835:DEBUG:discord.gateway: For Shard ID None: WebSocket Event: {'t': None, 's': None, 'op': 11, 'd': None}
2022-01-16 12:29:39,835:DEBUG:discord.client: Dispatching event socket_response
2022-01-16 12:30:20,918:DEBUG:discord.gateway: Keeping shard ID None websocket alive with sequence 4.
2022-01-16 12:30:21,120:DEBUG:discord.client: Dispatching event socket_raw_receive
2022-01-16 12:30:21,121:DEBUG:discord.gateway: For Shard ID None: WebSocket Event: {'t': None, 's': None, 'op': 11, 'd': None}
2022-01-16 12:30:21,121:DEBUG:discord.client: Dispatching event socket_response
2022-01-16 12:31:02,170:DEBUG:discord.gateway: Keeping shard ID None websocket alive with sequence 4.
2022-01-16 12:31:02,351:DEBUG:discord.client: Dispatching event socket_raw_receive
2022-01-16 12:31:02,352:DEBUG:discord.gateway: For Shard ID None: WebSocket Event: {'t': None, 's': None, 'op': 11, 'd': None}
2022-01-16 12:31:02,352:DEBUG:discord.client: Dispatching event socket_response
2022-01-16 12:31:43,423:DEBUG:discord.gateway: Keeping shard ID None websocket alive with sequence 4.
2022-01-16 12:31:43,600:DEBUG:discord.client: Dispatching event socket_raw_receive
2022-01-16 12:31:43,601:DEBUG:discord.gateway: For Shard ID None: WebSocket Event: {'t': None, 's': None, 'op': 11, 'd': None}
2022-01-16 12:31:43,601:DEBUG:discord.client: Dispatching event socket_response
2022-01-16 12:32:24,675:DEBUG:discord.gateway: Keeping shard ID None websocket alive with sequence 4.
2022-01-16 12:32:24,841:DEBUG:discord.client: Dispatching event socket_raw_receive
2022-01-16 12:32:24,842:DEBUG:discord.gateway: For Shard ID None: WebSocket Event: {'t': None, 's': None, 'op': 11, 'd': None}
2022-01-16 12:32:24,842:DEBUG:discord.client: Dispatching event socket_response
2022-01-16 12:33:05,928:DEBUG:discord.gateway: Keeping shard ID None websocket alive with sequence 4.
2022-01-16 12:33:06,094:DEBUG:discord.client: Dispatching event socket_raw_receive
2022-01-16 12:33:06,095:DEBUG:discord.gateway: For Shard ID None: WebSocket Event: {'t': None, 's': None, 'op': 11, 'd': None}
2022-01-16 12:33:06,095:DEBUG:discord.client: Dispatching event socket_response
2022-01-16 12:33:47,181:DEBUG:discord.gateway: Keeping shard ID None websocket alive with sequence 4.
2022-01-16 12:33:47,350:DEBUG:discord.client: Dispatching event socket_raw_receive
2022-01-16 12:33:47,351:DEBUG:discord.gateway: For Shard ID None: WebSocket Event: {'t': None, 's': None, 'op': 11, 'd': None}
2022-01-16 12:33:47,351:DEBUG:discord.client: Dispatching event socket_response
2022-01-16 12:34:28,434:DEBUG:discord.gateway: Keeping shard ID None websocket alive with sequence 4.
2022-01-16 12:34:28,602:DEBUG:discord.client: Dispatching event socket_raw_receive
2022-01-16 12:34:28,602:DEBUG:discord.gateway: For Shard ID None: WebSocket Event: {'t': None, 's': None, 'op': 11, 'd': None}
2022-01-16 12:34:28,602:DEBUG:discord.client: Dispatching event socket_response
2022-01-16 12:35:09,687:DEBUG:discord.gateway: Keeping shard ID None websocket alive with sequence 4.
2022-01-16 12:35:09,857:DEBUG:discord.client: Dispatching event socket_raw_receive
2022-01-16 12:35:09,858:DEBUG:discord.gateway: For Shard ID None: WebSocket Event: {'t': None, 's': None, 'op': 11, 'd': None}
2022-01-16 12:35:09,858:DEBUG:discord.client: Dispatching event socket_response
2022-01-16 12:35:50,939:DEBUG:discord.gateway: Keeping shard ID None websocket alive with sequence 4.
2022-01-16 12:35:51,105:DEBUG:discord.client: Dispatching event socket_raw_receive
2022-01-16 12:35:51,105:DEBUG:discord.gateway: For Shard ID None: WebSocket Event: {'t': None, 's': None, 'op': 11, 'd': None}
2022-01-16 12:35:51,106:DEBUG:discord.client: Dispatching event socket_response
2022-01-16 12:36:32,190:DEBUG:discord.gateway: Keeping shard ID None websocket alive with sequence 4.
2022-01-16 12:36:32,357:DEBUG:discord.client: Dispatching event socket_raw_receive
2022-01-16 12:36:32,358:DEBUG:discord.gateway: For Shard ID None: WebSocket Event: {'t': None, 's': None, 'op': 11, 'd': None}
2022-01-16 12:36:32,358:DEBUG:discord.client: Dispatching event socket_response
2022-01-16 12:37:13,443:DEBUG:discord.gateway: Keeping shard ID None websocket alive with sequence 4.
2022-01-16 12:37:13,607:DEBUG:discord.client: Dispatching event socket_raw_receive
2022-01-16 12:37:13,608:DEBUG:discord.gateway: For Shard ID None: WebSocket Event: {'t': None, 's': None, 'op': 11, 'd': None}
2022-01-16 12:37:13,609:DEBUG:discord.client: Dispatching event socket_response
2022-01-16 12:37:54,696:DEBUG:discord.gateway: Keeping shard ID None websocket alive with sequence 4.
2022-01-16 12:37:54,866:DEBUG:discord.client: Dispatching event socket_raw_receive
2022-01-16 12:37:54,867:DEBUG:discord.gateway: For Shard ID None: WebSocket Event: {'t': None, 's': None, 'op': 11, 'd': None}
2022-01-16 12:37:54,867:DEBUG:discord.client: Dispatching event socket_response
2022-01-16 12:38:35,949:DEBUG:discord.gateway: Keeping shard ID None websocket alive with sequence 4.
2022-01-16 12:38:36,112:DEBUG:discord.client: Dispatching event socket_raw_receive
2022-01-16 12:38:36,113:DEBUG:discord.gateway: For Shard ID None: WebSocket Event: {'t': None, 's': None, 'op': 11, 'd': None}
2022-01-16 12:38:36,113:DEBUG:discord.client: Dispatching event socket_response
2022-01-16 12:39:17,200:DEBUG:discord.gateway: Keeping shard ID None websocket alive with sequence 4.
2022-01-16 12:39:17,369:DEBUG:discord.client: Dispatching event socket_raw_receive
2022-01-16 12:39:17,369:DEBUG:discord.gateway: For Shard ID None: WebSocket Event: {'t': None, 's': None, 'op': 11, 'd': None}
2022-01-16 12:39:17,370:DEBUG:discord.client: Dispatching event socket_response
2022-01-16 12:39:58,453:DEBUG:discord.gateway: Keeping shard ID None websocket alive with sequence 4.
2022-01-16 12:39:58,635:DEBUG:discord.client: Dispatching event socket_raw_receive
2022-01-16 12:39:58,636:DEBUG:discord.gateway: For Shard ID None: WebSocket Event: {'t': None, 's': None, 'op': 11, 'd': None}
2022-01-16 12:39:58,636:DEBUG:discord.client: Dispatching event socket_response
2022-01-16 12:40:39,706:DEBUG:discord.gateway: Keeping shard ID None websocket alive with sequence 4.
2022-01-16 12:40:39,874:DEBUG:discord.client: Dispatching event socket_raw_receive
2022-01-16 12:40:39,874:DEBUG:discord.gateway: For Shard ID None: WebSocket Event: {'t': None, 's': None, 'op': 11, 'd': None}
2022-01-16 12:40:39,874:DEBUG:discord.client: Dispatching event socket_response
2022-01-16 12:41:20,959:DEBUG:discord.gateway: Keeping shard ID None websocket alive with sequence 4.
2022-01-16 12:41:21,125:DEBUG:discord.client: Dispatching event socket_raw_receive
2022-01-16 12:41:21,125:DEBUG:discord.gateway: For Shard ID None: WebSocket Event: {'t': None, 's': None, 'op': 11, 'd': None}
2022-01-16 12:41:21,126:DEBUG:discord.client: Dispatching event socket_response
2022-01-16 12:42:02,212:DEBUG:discord.gateway: Keeping shard ID None websocket alive with sequence 4.
2022-01-16 12:42:02,386:DEBUG:discord.client: Dispatching event socket_raw_receive
2022-01-16 12:42:02,387:DEBUG:discord.gateway: For Shard ID None: WebSocket Event: {'t': None, 's': None, 'op': 11, 'd': None}
2022-01-16 12:42:02,387:DEBUG:discord.client: Dispatching event socket_response
